C51 COMPILER V9.60.7.0   DELAY_MS_TM3                                                      11/13/2023 22:10:07 PAGE 1   


C51 COMPILER V9.60.7.0, COMPILATION OF MODULE DELAY_MS_TM3
OBJECT MODULE PLACED IN .\Output\delay_ms_tm3.obj
COMPILER INVOKED BY: C:\Keil_v5\C51\BIN\C51.EXE ..\user_library\src\delay_ms_tm3.c LARGE OMF2 OPTIMIZE(7,SPEED) BROWSE I
                    -NCDIR(..\Library\Device\Include;..\Library\StdDriver\inc;..\user_library\inc) DEBUG PRINT(.\lst\delay_ms_tm3.lst) TABS(2
                    -) OBJECT(.\Output\delay_ms_tm3.obj)

line level    source

   1          #include "delay_ms_tm3.h"
   2          #include "ms51_16k.h"
   3          void delay_ms(unsigned int cnt)
   4          {
   5   1        T3CON |= (1 << 2);   // f = fsys/16 = 1MHz
   6   1        while(cnt)
   7   1        {
   8   2          RL3 = (65535 - 1000) & 0xff;
   9   2          RH3 = (65535 - 1000) >> 8;
  10   2          T3CON |= (1 << 3);
  11   2          while((1 & (T3CON >> 4)) == 0);
  12   2          T3CON &= ~(1 << 4);
  13   2          T3CON &= ~(1 << 3);
  14   2          cnt --;
  15   2        }
  16   1      }


MODULE INFORMATION:   STATIC OVERLAYABLE
   CODE SIZE        =     38    ----
   CONSTANT SIZE    =   ----    ----
   XDATA SIZE       =   ----    ----
   PDATA SIZE       =   ----    ----
   DATA SIZE        =   ----    ----
   IDATA SIZE       =   ----    ----
   BIT SIZE         =   ----    ----
   EDATA SIZE       =   ----    ----
   HDATA SIZE       =   ----    ----
   XDATA CONST SIZE =   ----    ----
   FAR CONST SIZE   =   ----    ----
END OF MODULE INFORMATION.


C51 COMPILATION COMPLETE.  0 WARNING(S),  0 ERROR(S)
